Build started 10/20/2015 11:46:46 AM.
     1>Project "C:\Users\Adam\Desktop\CSE287Lab6\CSE287Lab5\CSE287Lab\CSE287Lab.vcxproj" on node 2 (Build target(s)).
     1>ClCompile:
         C:\Program Files (x86)\Microsoft Visual Studio 12.0\VC\bin\CL.exe /c /ZI /nologo /W3 /WX- /Od /Oy- /D WIN32 /D _DEBUG /D _CONSOLE /D _LIB /D _UNICODE /D UNICODE /Gm /EHsc /RTC1 /MDd /GS /fp:precise /Zc:wchar_t /Zc:forScope /Fo"Debug\\" /Fd"Debug\vc120.pdb" /Gd /TP /analyze- /errorReport:prompt Lab5.cpp RayTracer.cpp
         Lab5.cpp
         Generating Code...
         Compiling...
         RayTracer.cpp
     1>c:\users\adam\desktop\cse287lab6\cse287lab5\cse287lab\raytracer.cpp(138): warning C4244: 'initializing' : conversion from 'double' to 'float', possible loss of data
     1>c:\users\adam\desktop\cse287lab6\cse287lab5\cse287lab\raytracer.cpp(139): warning C4244: 'initializing' : conversion from 'double' to 'float', possible loss of data
         Generating Code...
       Link:
         C:\Program Files (x86)\Microsoft Visual Studio 12.0\VC\bin\link.exe /ERRORREPORT:PROMPT /OUT:"C:\Users\Adam\Desktop\CSE287Lab6\CSE287Lab5\Debug\CSE287Lab5.exe" /INCREMENTAL /NOLOGO glew32.lib freeglut.lib kernel32.lib user32.lib gdi32.lib winspool.lib comdlg32.lib advapi32.lib shell32.lib ole32.lib oleaut32.lib uuid.lib odbc32.lib odbccp32.lib /MANIFEST /MANIFESTUAC:"level='asInvoker' uiAccess='false'" /manifest:embed /DEBUG /PDB:"C:\Users\Adam\Desktop\CSE287Lab6\CSE287Lab5\Debug\CSE287Lab5.pdb" /SUBSYSTEM:CONSOLE /TLBID:1 /DYNAMICBASE /NXCOMPAT /IMPLIB:"C:\Users\Adam\Desktop\CSE287Lab6\CSE287Lab5\Debug\CSE287Lab5.lib" /MACHINE:X86 Debug\ColorBuffer.obj
         Debug\Lab5.obj
         Debug\Plane.obj
         Debug\QuadricSurface.obj
         Debug\RayTracer.obj
         Debug\Sphere.obj
         Debug\Surface.obj
         CSE287Lab.vcxproj -> C:\Users\Adam\Desktop\CSE287Lab6\CSE287Lab5\Debug\CSE287Lab5.exe
     1>Done Building Project "C:\Users\Adam\Desktop\CSE287Lab6\CSE287Lab5\CSE287Lab\CSE287Lab.vcxproj" (Build target(s)).

Build succeeded.

Time Elapsed 00:00:05.58
