Build started 10/21/2015 9:06:09 AM.
     1>Project "C:\Users\atf14\OneDrive\Documents\GitHub\CSE287\CSE287Project1\CSE287Lab5\CSE287Lab\CSE287Lab.vcxproj" on node 2 (Build target(s)).
     1>ClCompile:
         C:\Program Files (x86)\Microsoft Visual Studio 12.0\VC\bin\CL.exe /c /Zi /nologo /W3 /WX- /O2 /Oi /Oy- /GL /D WIN32 /D NDEBUG /D _CONSOLE /D _LIB /D _UNICODE /D UNICODE /Gm- /EHsc /MD /GS /Gy /fp:precise /Zc:wchar_t /Zc:forScope /Fo"Release\\" /Fd"Release\vc120.pdb" /Gd /TP /analyze- /errorReport:prompt Lab5.cpp
         Lab5.cpp
     1>c:\users\atf14\onedrive\documents\github\cse287\cse287project1\cse287lab5\cse287lab\Lights.h(65): warning C4018: '<' : signed/unsigned mismatch
     1>c:\users\atf14\onedrive\documents\github\cse287\cse287project1\cse287lab5\cse287lab\Lights.h(117): warning C4018: '<' : signed/unsigned mismatch
       Link:
         C:\Program Files (x86)\Microsoft Visual Studio 12.0\VC\bin\link.exe /ERRORREPORT:PROMPT /OUT:"C:\Users\atf14\OneDrive\Documents\GitHub\CSE287\CSE287Project1\CSE287Lab5\Release\CSE287Lab5.exe" /INCREMENTAL:NO /NOLOGO glew32.lib freeglut.lib kernel32.lib user32.lib gdi32.lib winspool.lib comdlg32.lib advapi32.lib shell32.lib ole32.lib oleaut32.lib uuid.lib odbc32.lib odbccp32.lib /MANIFEST /MANIFESTUAC:"level='asInvoker' uiAccess='false'" /manifest:embed /DEBUG /PDB:"C:\Users\atf14\OneDrive\Documents\GitHub\CSE287\CSE287Project1\CSE287Lab5\Release\CSE287Lab5.pdb" /SUBSYSTEM:CONSOLE /OPT:REF /OPT:ICF /LTCG /TLBID:1 /DYNAMICBASE /NXCOMPAT /IMPLIB:"C:\Users\atf14\OneDrive\Documents\GitHub\CSE287\CSE287Project1\CSE287Lab5\Release\CSE287Lab5.lib" /MACHINE:X86 /SAFESEH Release\ColorBuffer.obj
         Release\ConvexPolygon.obj
         Release\Elipsoid.obj
         Release\Lab5.obj
         Release\Plane.obj
         Release\QuadricSurface.obj
         Release\RayTracer.obj
         Release\Sphere.obj
         Release\Surface.obj
         Generating code
         Finished generating code
         CSE287Lab.vcxproj -> C:\Users\atf14\OneDrive\Documents\GitHub\CSE287\CSE287Project1\CSE287Lab5\Release\CSE287Lab5.exe
     1>Done Building Project "C:\Users\atf14\OneDrive\Documents\GitHub\CSE287\CSE287Project1\CSE287Lab5\CSE287Lab\CSE287Lab.vcxproj" (Build target(s)).

Build succeeded.

Time Elapsed 00:00:03.10
